<?xml version="1.0" encoding="UTF-8"?>
<coverage generated="1675728111970" clover="3.2.0">
  <project timestamp="1675728111970" name="All files">
    <metrics statements="59" coveredstatements="59" conditionals="25" coveredconditionals="25" methods="7" coveredmethods="7" elements="91" coveredelements="91" complexity="0" loc="59" ncloc="59" packages="1" files="5" classes="5"/>
    <file name="elegibilidade.js" path="/home/juru/Documents/Work/Projetos/Lemon/Case_backend/elegibilidade.js">
      <metrics statements="37" coveredstatements="37" conditionals="23" coveredconditionals="23" methods="5" coveredmethods="5"/>
      <line num="1" count="1" type="stmt"/>
      <line num="2" count="1" type="stmt"/>
      <line num="3" count="1" type="stmt"/>
      <line num="7" count="1" type="stmt"/>
      <line num="8" count="7" type="stmt"/>
      <line num="9" count="7" type="stmt"/>
      <line num="10" count="7" type="cond" truecount="2" falsecount="0"/>
      <line num="11" count="2" type="stmt"/>
      <line num="12" count="5" type="stmt"/>
      <line num="15" count="1" type="stmt"/>
      <line num="16" count="5" type="stmt"/>
      <line num="17" count="5" type="stmt"/>
      <line num="18" count="5" type="cond" truecount="2" falsecount="0"/>
      <line num="19" count="2" type="stmt"/>
      <line num="20" count="3" type="stmt"/>
      <line num="23" count="1" type="stmt"/>
      <line num="24" count="8" type="stmt"/>
      <line num="25" count="8" type="stmt"/>
      <line num="26" count="72" type="stmt"/>
      <line num="27" count="8" type="stmt"/>
      <line num="29" count="8" type="stmt"/>
      <line num="31" count="8" type="cond" truecount="4" falsecount="0"/>
      <line num="32" count="1" type="stmt"/>
      <line num="33" count="7" type="cond" truecount="4" falsecount="0"/>
      <line num="34" count="3" type="stmt"/>
      <line num="35" count="4" type="cond" truecount="4" falsecount="0"/>
      <line num="36" count="1" type="stmt"/>
      <line num="37" count="3" type="stmt"/>
      <line num="41" count="1" type="stmt"/>
      <line num="42" count="4" type="cond" truecount="2" falsecount="0"/>
      <line num="43" count="3" type="cond" truecount="5" falsecount="0"/>
      <line num="47" count="1" type="stmt"/>
      <line num="51" count="1" type="stmt"/>
      <line num="53" count="2" type="stmt"/>
      <line num="60" count="2" type="stmt"/>
      <line num="64" count="1" type="stmt"/>
      <line num="66" count="1" type="stmt"/>
    </file>
    <file name="entrada.js" path="/home/juru/Documents/Work/Projetos/Lemon/Case_backend/entrada.js">
      <metrics statements="3" coveredstatements="3" conditionals="0" coveredconditionals="0" methods="0" coveredmethods="0"/>
      <line num="1" count="1" type="stmt"/>
      <line num="22" count="1" type="stmt"/>
      <line num="40" count="1" type="stmt"/>
    </file>
    <file name="schemas.js" path="/home/juru/Documents/Work/Projetos/Lemon/Case_backend/schemas.js">
      <metrics statements="5" coveredstatements="5" conditionals="0" coveredconditionals="0" methods="1" coveredmethods="1"/>
      <line num="1" count="1" type="stmt"/>
      <line num="3" count="5" type="stmt"/>
      <line num="9" count="1" type="stmt"/>
      <line num="37" count="1" type="stmt"/>
      <line num="71" count="1" type="stmt"/>
    </file>
    <file name="tipos.js" path="/home/juru/Documents/Work/Projetos/Lemon/Case_backend/tipos.js">
      <metrics statements="6" coveredstatements="6" conditionals="0" coveredconditionals="0" methods="0" coveredmethods="0"/>
      <line num="1" count="1" type="stmt"/>
      <line num="7" count="1" type="stmt"/>
      <line num="13" count="1" type="stmt"/>
      <line num="15" count="1" type="stmt"/>
      <line num="23" count="1" type="stmt"/>
      <line num="25" count="1" type="stmt"/>
    </file>
    <file name="validacao.js" path="/home/juru/Documents/Work/Projetos/Lemon/Case_backend/validacao.js">
      <metrics statements="8" coveredstatements="8" conditionals="2" coveredconditionals="2" methods="1" coveredmethods="1"/>
      <line num="2" count="1" type="stmt"/>
      <line num="3" count="1" type="stmt"/>
      <line num="6" count="4" type="stmt"/>
      <line num="8" count="4" type="stmt"/>
      <line num="10" count="4" type="cond" truecount="2" falsecount="0"/>
      <line num="11" count="1" type="stmt"/>
      <line num="12" count="3" type="stmt"/>
      <line num="15" count="1" type="stmt"/>
    </file>
  </project>
</coverage>
