{"/home/juru/Documents/Work/Projetos/Lemon/Case_backend/elegibilidade.js": {"path":"/home/juru/Documents/Work/Projetos/Lemon/Case_backend/elegibilidade.js","statementMap":{"0":{"start":{"line":1,"column":22},"end":{"line":1,"column":44}},"1":{"start":{"line":2,"column":27},"end":{"line":2,"column":47}},"2":{"start":{"line":3,"column":18},"end":{"line":3,"column":38}},"3":{"start":{"line":7,"column":21},"end":{"line":13,"column":1}},"4":{"start":{"line":8,"column":28},"end":{"line":8,"column":70}},"5":{"start":{"line":9,"column":20},"end":{"line":9,"column":46}},"6":{"start":{"line":10,"column":4},"end":{"line":12,"column":48}},"7":{"start":{"line":11,"column":8},"end":{"line":11,"column":19}},"8":{"start":{"line":12,"column":11},"end":{"line":12,"column":48}},"9":{"start":{"line":15,"column":20},"end":{"line":21,"column":1}},"10":{"start":{"line":16,"column":27},"end":{"line":16,"column":53}},"11":{"start":{"line":17,"column":20},"end":{"line":17,"column":64}},"12":{"start":{"line":18,"column":4},"end":{"line":20,"column":51}},"13":{"start":{"line":19,"column":8},"end":{"line":19,"column":19}},"14":{"start":{"line":20,"column":11},"end":{"line":20,"column":51}},"15":{"start":{"line":23,"column":19},"end":{"line":38,"column":1}},"16":{"start":{"line":24,"column":18},"end":{"line":24,"column":54}},"17":{"start":{"line":25,"column":22},"end":{"line":26,"column":63}},"18":{"start":{"line":26,"column":36},"end":{"line":26,"column":59}},"19":{"start":{"line":27,"column":23},"end":{"line":27,"column":40}},"20":{"start":{"line":29,"column":24},"end":{"line":29,"column":53}},"21":{"start":{"line":31,"column":4},"end":{"line":37,"column":23}},"22":{"start":{"line":32,"column":8},"end":{"line":32,"column":26}},"23":{"start":{"line":33,"column":11},"end":{"line":37,"column":23}},"24":{"start":{"line":34,"column":8},"end":{"line":34,"column":26}},"25":{"start":{"line":35,"column":11},"end":{"line":37,"column":23}},"26":{"start":{"line":36,"column":8},"end":{"line":36,"column":26}},"27":{"start":{"line":37,"column":11},"end":{"line":37,"column":23}},"28":{"start":{"line":41,"column":22},"end":{"line":62,"column":1}},"29":{"start":{"line":42,"column":4},"end":{"line":42,"column":51}},"30":{"start":{"line":42,"column":39},"end":{"line":42,"column":51}},"31":{"start":{"line":43,"column":4},"end":{"line":61,"column":5}},"32":{"start":{"line":47,"column":25},"end":{"line":50,"column":9}},"33":{"start":{"line":51,"column":8},"end":{"line":51,"column":23}},"34":{"start":{"line":53,"column":25},"end":{"line":59,"column":9}},"35":{"start":{"line":60,"column":8},"end":{"line":60,"column":23}},"36":{"start":{"line":64,"column":0},"end":{"line":64,"column":34}},"37":{"start":{"line":66,"column":0},"end":{"line":66,"column":73}}},"fnMap":{"0":{"name":"(anonymous_0)","decl":{"start":{"line":7,"column":21},"end":{"line":7,"column":22}},"loc":{"start":{"line":7,"column":37},"end":{"line":13,"column":1}},"line":7},"1":{"name":"(anonymous_1)","decl":{"start":{"line":15,"column":20},"end":{"line":15,"column":21}},"loc":{"start":{"line":15,"column":36},"end":{"line":21,"column":1}},"line":15},"2":{"name":"(anonymous_2)","decl":{"start":{"line":23,"column":19},"end":{"line":23,"column":20}},"loc":{"start":{"line":23,"column":35},"end":{"line":38,"column":1}},"line":23},"3":{"name":"(anonymous_3)","decl":{"start":{"line":26,"column":8},"end":{"line":26,"column":9}},"loc":{"start":{"line":26,"column":36},"end":{"line":26,"column":59}},"line":26},"4":{"name":"(anonymous_4)","decl":{"start":{"line":41,"column":22},"end":{"line":41,"column":23}},"loc":{"start":{"line":41,"column":38},"end":{"line":62,"column":1}},"line":41}},"branchMap":{"0":{"loc":{"start":{"line":10,"column":4},"end":{"line":12,"column":48}},"type":"if","locations":[{"start":{"line":10,"column":4},"end":{"line":12,"column":48}},{"start":{"line":12,"column":11},"end":{"line":12,"column":48}}],"line":10},"1":{"loc":{"start":{"line":18,"column":4},"end":{"line":20,"column":51}},"type":"if","locations":[{"start":{"line":18,"column":4},"end":{"line":20,"column":51}},{"start":{"line":20,"column":11},"end":{"line":20,"column":51}}],"line":18},"2":{"loc":{"start":{"line":31,"column":4},"end":{"line":37,"column":23}},"type":"if","locations":[{"start":{"line":31,"column":4},"end":{"line":37,"column":23}},{"start":{"line":33,"column":11},"end":{"line":37,"column":23}}],"line":31},"3":{"loc":{"start":{"line":31,"column":8},"end":{"line":31,"column":69}},"type":"binary-expr","locations":[{"start":{"line":31,"column":8},"end":{"line":31,"column":24}},{"start":{"line":31,"column":28},"end":{"line":31,"column":69}}],"line":31},"4":{"loc":{"start":{"line":33,"column":11},"end":{"line":37,"column":23}},"type":"if","locations":[{"start":{"line":33,"column":11},"end":{"line":37,"column":23}},{"start":{"line":35,"column":11},"end":{"line":37,"column":23}}],"line":33},"5":{"loc":{"start":{"line":33,"column":15},"end":{"line":33,"column":74}},"type":"binary-expr","locations":[{"start":{"line":33,"column":15},"end":{"line":33,"column":31}},{"start":{"line":33,"column":35},"end":{"line":33,"column":74}}],"line":33},"6":{"loc":{"start":{"line":35,"column":11},"end":{"line":37,"column":23}},"type":"if","locations":[{"start":{"line":35,"column":11},"end":{"line":37,"column":23}},{"start":{"line":37,"column":11},"end":{"line":37,"column":23}}],"line":35},"7":{"loc":{"start":{"line":35,"column":15},"end":{"line":35,"column":75}},"type":"binary-expr","locations":[{"start":{"line":35,"column":15},"end":{"line":35,"column":31}},{"start":{"line":35,"column":35},"end":{"line":35,"column":75}}],"line":35},"8":{"loc":{"start":{"line":42,"column":4},"end":{"line":42,"column":51}},"type":"if","locations":[{"start":{"line":42,"column":4},"end":{"line":42,"column":51}},{"start":{},"end":{}}],"line":42},"9":{"loc":{"start":{"line":43,"column":4},"end":{"line":61,"column":5}},"type":"if","locations":[{"start":{"line":43,"column":4},"end":{"line":61,"column":5}},{"start":{"line":52,"column":11},"end":{"line":61,"column":5}}],"line":43},"10":{"loc":{"start":{"line":43,"column":8},"end":{"line":45,"column":43}},"type":"binary-expr","locations":[{"start":{"line":43,"column":8},"end":{"line":43,"column":41}},{"start":{"line":44,"column":11},"end":{"line":44,"column":43}},{"start":{"line":45,"column":11},"end":{"line":45,"column":43}}],"line":43}},"s":{"0":1,"1":1,"2":1,"3":1,"4":7,"5":7,"6":7,"7":2,"8":5,"9":1,"10":5,"11":5,"12":5,"13":2,"14":3,"15":1,"16":8,"17":8,"18":72,"19":8,"20":8,"21":8,"22":1,"23":7,"24":3,"25":4,"26":1,"27":3,"28":1,"29":4,"30":1,"31":3,"32":1,"33":1,"34":2,"35":2,"36":1,"37":1},"f":{"0":7,"1":5,"2":8,"3":72,"4":4},"b":{"0":[2,5],"1":[2,3],"2":[1,7],"3":[8,7],"4":[3,4],"5":[7,5],"6":[1,3],"7":[4,1],"8":[1,3],"9":[1,2],"10":[3,1,1]},"_coverageSchema":"1a1c01bbd47fc00a2c39e90264f33305004495a9","hash":"bb19e9b8390721ff9fe04071b41e0944d91816d7"}
,"/home/juru/Documents/Work/Projetos/Lemon/Case_backend/entrada.js": {"path":"/home/juru/Documents/Work/Projetos/Lemon/Case_backend/entrada.js","statementMap":{"0":{"start":{"line":1,"column":15},"end":{"line":21,"column":1}},"1":{"start":{"line":22,"column":15},"end":{"line":39,"column":1}},"2":{"start":{"line":40,"column":0},"end":{"line":40,"column":35}}},"fnMap":{},"branchMap":{},"s":{"0":1,"1":1,"2":1},"f":{},"b":{},"_coverageSchema":"1a1c01bbd47fc00a2c39e90264f33305004495a9","hash":"169b7225d052da21aa4564d7ed3dc6574f5ed69f"}
,"/home/juru/Documents/Work/Projetos/Lemon/Case_backend/schemas.js": {"path":"/home/juru/Documents/Work/Projetos/Lemon/Case_backend/schemas.js","statementMap":{"0":{"start":{"line":1,"column":79},"end":{"line":1,"column":97}},"1":{"start":{"line":3,"column":15},"end":{"line":7,"column":2}},"2":{"start":{"line":3,"column":26},"end":{"line":7,"column":1}},"3":{"start":{"line":9,"column":14},"end":{"line":35,"column":1}},"4":{"start":{"line":37,"column":15},"end":{"line":69,"column":1}},"5":{"start":{"line":71,"column":0},"end":{"line":74,"column":1}}},"fnMap":{"0":{"name":"(anonymous_0)","decl":{"start":{"line":3,"column":15},"end":{"line":3,"column":16}},"loc":{"start":{"line":3,"column":26},"end":{"line":7,"column":1}},"line":3}},"branchMap":{},"s":{"0":1,"1":1,"2":5,"3":1,"4":1,"5":1},"f":{"0":5},"b":{},"_coverageSchema":"1a1c01bbd47fc00a2c39e90264f33305004495a9","hash":"b0beda751c04c9df0b75340fc5b45abfc0153899"}
,"/home/juru/Documents/Work/Projetos/Lemon/Case_backend/tipos.js": {"path":"/home/juru/Documents/Work/Projetos/Lemon/Case_backend/tipos.js","statementMap":{"0":{"start":{"line":1,"column":12},"end":{"line":5,"column":1}},"1":{"start":{"line":7,"column":13},"end":{"line":11,"column":1}},"2":{"start":{"line":13,"column":23},"end":{"line":13,"column":62}},"3":{"start":{"line":15,"column":25},"end":{"line":21,"column":1}},"4":{"start":{"line":23,"column":30},"end":{"line":23,"column":73}},"5":{"start":{"line":25,"column":0},"end":{"line":31,"column":1}}},"fnMap":{},"branchMap":{},"s":{"0":1,"1":1,"2":1,"3":1,"4":1,"5":1},"f":{},"b":{},"_coverageSchema":"1a1c01bbd47fc00a2c39e90264f33305004495a9","hash":"110da1c3f6a4af4e9ab47f6dd230c9fb7403c7f2"}
,"/home/juru/Documents/Work/Projetos/Lemon/Case_backend/validacao.js": {"path":"/home/juru/Documents/Work/Projetos/Lemon/Case_backend/validacao.js","statementMap":{"0":{"start":{"line":2,"column":12},"end":{"line":2,"column":26}},"1":{"start":{"line":3,"column":12},"end":{"line":3,"column":38}},"2":{"start":{"line":6,"column":26},"end":{"line":6,"column":45}},"3":{"start":{"line":8,"column":18},"end":{"line":8,"column":45}},"4":{"start":{"line":10,"column":4},"end":{"line":12,"column":22}},"5":{"start":{"line":11,"column":8},"end":{"line":11,"column":20}},"6":{"start":{"line":12,"column":11},"end":{"line":12,"column":22}},"7":{"start":{"line":15,"column":0},"end":{"line":15,"column":30}}},"fnMap":{"0":{"name":"validacao","decl":{"start":{"line":5,"column":9},"end":{"line":5,"column":18}},"loc":{"start":{"line":5,"column":41},"end":{"line":13,"column":1}},"line":5}},"branchMap":{"0":{"loc":{"start":{"line":10,"column":4},"end":{"line":12,"column":22}},"type":"if","locations":[{"start":{"line":10,"column":4},"end":{"line":12,"column":22}},{"start":{"line":12,"column":11},"end":{"line":12,"column":22}}],"line":10}},"s":{"0":1,"1":1,"2":4,"3":4,"4":4,"5":1,"6":3,"7":1},"f":{"0":4},"b":{"0":[1,3]},"_coverageSchema":"1a1c01bbd47fc00a2c39e90264f33305004495a9","hash":"249efd43968820eaec2a920fd3ebff62535eb81f"}
}
