TN:
SF:elegibilidade.js
FN:7,(anonymous_0)
FN:15,(anonymous_1)
FN:23,(anonymous_2)
FN:26,(anonymous_3)
FN:41,(anonymous_4)
FNF:5
FNH:5
FNDA:7,(anonymous_0)
FNDA:5,(anonymous_1)
FNDA:8,(anonymous_2)
FNDA:72,(anonymous_3)
FNDA:4,(anonymous_4)
DA:1,1
DA:2,1
DA:3,1
DA:7,1
DA:8,7
DA:9,7
DA:10,7
DA:11,2
DA:12,5
DA:15,1
DA:16,5
DA:17,5
DA:18,5
DA:19,2
DA:20,3
DA:23,1
DA:24,8
DA:25,8
DA:26,72
DA:27,8
DA:29,8
DA:31,8
DA:32,1
DA:33,7
DA:34,3
DA:35,4
DA:36,1
DA:37,3
DA:41,1
DA:42,4
DA:43,3
DA:47,1
DA:51,1
DA:53,2
DA:60,2
DA:64,1
DA:66,1
LF:37
LH:37
BRDA:10,0,0,2
BRDA:10,0,1,5
BRDA:18,1,0,2
BRDA:18,1,1,3
BRDA:31,2,0,1
BRDA:31,2,1,7
BRDA:31,3,0,8
BRDA:31,3,1,7
BRDA:33,4,0,3
BRDA:33,4,1,4
BRDA:33,5,0,7
BRDA:33,5,1,5
BRDA:35,6,0,1
BRDA:35,6,1,3
BRDA:35,7,0,4
BRDA:35,7,1,1
BRDA:42,8,0,1
BRDA:42,8,1,3
BRDA:43,9,0,1
BRDA:43,9,1,2
BRDA:43,10,0,3
BRDA:43,10,1,1
BRDA:43,10,2,1
BRF:23
BRH:23
end_of_record
TN:
SF:entrada.js
FNF:0
FNH:0
DA:1,1
DA:22,1
DA:40,1
LF:3
LH:3
BRF:0
BRH:0
end_of_record
TN:
SF:schemas.js
FN:3,(anonymous_0)
FNF:1
FNH:1
FNDA:5,(anonymous_0)
DA:1,1
DA:3,5
DA:9,1
DA:37,1
DA:71,1
LF:5
LH:5
BRF:0
BRH:0
end_of_record
TN:
SF:tipos.js
FNF:0
FNH:0
DA:1,1
DA:7,1
DA:13,1
DA:15,1
DA:23,1
DA:25,1
LF:6
LH:6
BRF:0
BRH:0
end_of_record
TN:
SF:validacao.js
FN:5,validacao
FNF:1
FNH:1
FNDA:4,validacao
DA:2,1
DA:3,1
DA:6,4
DA:8,4
DA:10,4
DA:11,1
DA:12,3
DA:15,1
LF:8
LH:8
BRDA:10,0,0,1
BRDA:10,0,1,3
BRF:2
BRH:2
end_of_record
